1656455659269	geckodriver	INFO	Listening on 127.0.0.1:62631
1656455662307	mozrunner::runner	INFO	Running command: "C:\\Program Files\\Mozilla Firefox\\firefox.exe" "--marionette" "--remote-debugging-port" "62632" "--remote-allow-hosts" "localhost" "-no-remote" "-profile" "C:\\Users\\caiom\\AppData\\Local\\Temp\\rust_mozprofileiPACL7"
1656455662514	Marionette	INFO	Marionette enabled
WebDriver BiDi listening on ws://localhost:62632
console.warn: SearchSettings: "get: No settings file exists, new profile?" (new NotFoundError("Could not open the file at C:\\Users\\caiom\\AppData\\Local\\Temp\\rust_mozprofileiPACL7\\search.json.mozlz4", (void 0)))
1656455663829	Marionette	INFO	Listening on port 62651
Read port: 62651
DevTools listening on ws://localhost:62632/devtools/browser/06ee4dde-48fa-44a9-b94c-3bb6e2512e73
1656455663871	RemoteAgent	WARN	TLS certificate errors will be ignored for this session
1656455674898	Marionette	INFO	Stopped listening on port 62651
console.warn: TopSitesFeed: Failed to fetch data from Contile server: NetworkError when attempting to fetch resource.
1656455685099	geckodriver	INFO	Listening on 127.0.0.1:62687
1656455688162	mozrunner::runner	INFO	Running command: "C:\\Program Files\\Mozilla Firefox\\firefox.exe" "--marionette" "--remote-debugging-port" "62688" "--remote-allow-hosts" "localhost" "-no-remote" "-profile" "C:\\Users\\caiom\\AppData\\Local\\Temp\\rust_mozprofile3vETOg"
1656455688375	Marionette	INFO	Marionette enabled
WebDriver BiDi listening on ws://localhost:62688
console.warn: SearchSettings: "get: No settings file exists, new profile?" (new NotFoundError("Could not open the file at C:\\Users\\caiom\\AppData\\Local\\Temp\\rust_mozprofile3vETOg\\search.json.mozlz4", (void 0)))
1656455689688	Marionette	INFO	Listening on port 62707
Read port: 62707
DevTools listening on ws://localhost:62688/devtools/browser/4732e2fc-6499-4794-85a0-38e62848d8af
1656455689724	RemoteAgent	WARN	TLS certificate errors will be ignored for this session
console.warn: LoginRecipes: "getRecipes: falling back to a synchronous message for:" "https://catalogobiblioteca.ufmg.br"
console.warn: LoginRecipes: "getRecipes: falling back to a synchronous message for:" "https://catalogobiblioteca.ufmg.br"
JavaScript error: resource://gre/modules/LoginManagerParent.jsm, line 136: TypeError: gRecipeManager is null
1656455693562	Marionette	INFO	Stopped listening on port 62707
1656456750519	geckodriver	INFO	Listening on 127.0.0.1:63367
1656456753577	mozrunner::runner	INFO	Running command: "C:\\Program Files\\Mozilla Firefox\\firefox.exe" "--marionette" "--remote-debugging-port" "63368" "--remote-allow-hosts" "localhost" "-no-remote" "-profile" "C:\\Users\\caiom\\AppData\\Local\\Temp\\rust_mozprofileJ27Vni"
1656456753792	Marionette	INFO	Marionette enabled
WebDriver BiDi listening on ws://localhost:63368
console.warn: SearchSettings: "get: No settings file exists, new profile?" (new NotFoundError("Could not open the file at C:\\Users\\caiom\\AppData\\Local\\Temp\\rust_mozprofileJ27Vni\\search.json.mozlz4", (void 0)))
1656456755098	Marionette	INFO	Listening on port 63387
DevTools listening on ws://localhost:63368/devtools/browser/9c9419af-06ed-4ead-b07a-985ecae914f0
Read port: 63387
1656456755148	RemoteAgent	WARN	TLS certificate errors will be ignored for this session
console.warn: LoginRecipes: "getRecipes: falling back to a synchronous message for:" "https://catalogobiblioteca.ufmg.br"
console.warn: LoginRecipes: "getRecipes: falling back to a synchronous message for:" "https://catalogobiblioteca.ufmg.br"
JavaScript error: resource://gre/modules/LoginManagerParent.jsm, line 136: TypeError: gRecipeManager is null
1656456759006	Marionette	INFO	Stopped listening on port 63387

###!!! [Parent][PGPUParent] Error: RunMessage(msgname=PGPU::Msg_ShutdownVR) Channel closing: too late to send/recv, messages will be lost

